<?xml version="1.0" encoding="UTF-8"?>
<!-- Generated by org.testng.reporters.JUnitXMLReporter -->
<testsuite ignored="4" hostname="DESKTOP-T4GIUBU" failures="0" tests="1" name="Test" time="20.567" errors="0" timestamp="2024-12-12T12:08:41 IST">
  <testcase classname="GroupClasses.Class1" name="Group1" time="20.473"/>
  <testcase classname="GroupClasses.Class2" name="Group2" time="0.0">
    <ignored/>
  </testcase> <!-- Group2 -->
  <testcase classname="GroupClasses.Class3" name="Group3" time="0.0">
    <ignored/>
  </testcase> <!-- Group3 -->
  <testcase classname="GroupClasses.Class5" name="Group5" time="0.0">
    <ignored/>
  </testcase> <!-- Group5 -->
  <testcase classname="GroupClasses.Class4" name="Group4" time="0.0">
    <ignored/>
  </testcase> <!-- Group4 -->
</testsuite> <!-- Test -->
