<?xml version="1.0" encoding="UTF-8"?>
<testng-results ignored="0" total="2" passed="2" failed="0" skipped="0">
  <reporter-output>
  </reporter-output>
  <suite started-at="2024-12-13T12:06:24 IST" name="Default suite" finished-at="2024-12-13T12:07:42 IST" duration-ms="77542">
    <groups>
    </groups>
    <test started-at="2024-12-13T12:06:24 IST" name="Default test" finished-at="2024-12-13T12:07:42 IST" duration-ms="77542">
      <class name="DataProvider.DemoQdataPrvider">
        <test-method signature="launch(java.lang.String,java.lang.String,java.lang.String,java.lang.String,java.lang.String,java.lang.String,java.lang.String,java.lang.String,java.lang.String,java.lang.String,java.lang.String,java.lang.String,java.lang.String,java.lang.String)[pri:0, instance:DataProvider.DemoQdataPrvider@16746061]" started-at="2024-12-13T12:06:24 IST" name="launch" data-provider="testData" finished-at="2024-12-13T12:07:01 IST" duration-ms="37280" status="PASS">
          <params>
            <param index="0">
              <value>
                <![CDATA[fghjk]]>
              </value>
            </param>
            <param index="1">
              <value>
                <![CDATA[fghjkl]]>
              </value>
            </param>
            <param index="2">
              <value>
                <![CDATA[dfghj@56]]>
              </value>
            </param>
            <param index="3">
              <value>
                <![CDATA[dfghj@56]]>
              </value>
            </param>
            <param index="4">
              <value>
                <![CDATA[kijhgt]]>
              </value>
            </param>
            <param index="5">
              <value>
                <![CDATA[kijhgtkj]]>
              </value>
            </param>
            <param index="6">
              <value>
                <![CDATA[kijh@gmail.com]]>
              </value>
            </param>
            <param index="7">
              <value>
                <![CDATA[tyjhnb]]>
              </value>
            </param>
            <param index="8">
              <value>
                <![CDATA[http:www.jio.com]]>
              </value>
            </param>
            <param index="9">
              <value>
                <![CDATA[tyjhnb]]>
              </value>
            </param>
            <param index="10">
              <value>
                <![CDATA[678654]]>
              </value>
            </param>
            <param index="11">
              <value>
                <![CDATA[kijnhgtylkbv]]>
              </value>
            </param>
            <param index="12">
              <value>
                <![CDATA[678654]]>
              </value>
            </param>
            <param index="13">
              <value>
                <![CDATA[fghj6789]]>
              </value>
            </param>
          </params>
          <reporter-output>
          </reporter-output>
        </test-method> <!-- launch -->
        <test-method signature="launch(java.lang.String,java.lang.String,java.lang.String,java.lang.String,java.lang.String,java.lang.String,java.lang.String,java.lang.String,java.lang.String,java.lang.String,java.lang.String,java.lang.String,java.lang.String,java.lang.String)[pri:0, instance:DataProvider.DemoQdataPrvider@16746061]" started-at="2024-12-13T12:07:01 IST" name="launch" data-provider="testData" finished-at="2024-12-13T12:07:42 IST" duration-ms="40183" status="PASS">
          <params>
            <param index="0">
              <value>
                <![CDATA[fghjk]]>
              </value>
            </param>
            <param index="1">
              <value>
                <![CDATA[fghjkl]]>
              </value>
            </param>
            <param index="2">
              <value>
                <![CDATA[dfghj@56]]>
              </value>
            </param>
            <param index="3">
              <value>
                <![CDATA[dfghj@56]]>
              </value>
            </param>
            <param index="4">
              <value>
                <![CDATA[kijhgt]]>
              </value>
            </param>
            <param index="5">
              <value>
                <![CDATA[kijhgtkj]]>
              </value>
            </param>
            <param index="6">
              <value>
                <![CDATA[kijh@gmail.com]]>
              </value>
            </param>
            <param index="7">
              <value>
                <![CDATA[tyjhnb]]>
              </value>
            </param>
            <param index="8">
              <value>
                <![CDATA[http:www.jio.com]]>
              </value>
            </param>
            <param index="9">
              <value>
                <![CDATA[tyjhnb]]>
              </value>
            </param>
            <param index="10">
              <value>
                <![CDATA[678654]]>
              </value>
            </param>
            <param index="11">
              <value>
                <![CDATA[kijnhgtylkbv]]>
              </value>
            </param>
            <param index="12">
              <value>
                <![CDATA[678654]]>
              </value>
            </param>
            <param index="13">
              <value>
                <![CDATA[fghj6789]]>
              </value>
            </param>
          </params>
          <reporter-output>
          </reporter-output>
        </test-method> <!-- launch -->
      </class> <!-- DataProvider.DemoQdataPrvider -->
    </test> <!-- Default test -->
  </suite> <!-- Default suite -->
</testng-results>
